app/build/outputs/logs/manifest-merger-debug-report.txt
-- Merging decision tree log ---
manifest
ADDED from src/main/AndroidManifest.xml:2:1-76:12
	xmlns:android
		ADDED from src/main/AndroidManifest.xml:2:11-69
	package
		ADDED from src/main/AndroidManifest.xml:3:5-29
		INJECTED from src/main/AndroidManifest.xml
		INJECTED from src/main/AndroidManifest.xml
	android:versionName
		ADDED from src/main/AndroidManifest.xml:5:5-30
	android:versionCode
		ADDED from src/main/AndroidManifest.xml:4:5-28
		INJECTED from src/main/AndroidManifest.xml
		INJECTED from src/main/AndroidManifest.xml
uses-sdk
ADDED from src/main/AndroidManifest.xml:7:5-9:41
MERGED from [com.google.android.gms:play-services-maps:8.1.0] AndroidManifest.xml:27:5-42
MERGED from [com.google.android.gms:play-services-base:8.1.0] AndroidManifest.xml:18:5-42
MERGED from [com.google.android.gms:play-services-basement:8.1.0] AndroidManifest.xml:18:5-42
MERGED from [com.android.support:support-v4:22.2.0] AndroidManifest.xml:20:5-43
MERGED from [com.google.maps.android:android-maps-utils:0.4] AndroidManifest.xml:5:5-43
	android:targetSdkVersion
		ADDED from src/main/AndroidManifest.xml:9:9-38
		INJECTED from src/main/AndroidManifest.xml
		INJECTED from src/main/AndroidManifest.xml
	android:minSdkVersion
		ADDED from src/main/AndroidManifest.xml:8:9-35
		INJECTED from src/main/AndroidManifest.xml
		INJECTED from src/main/AndroidManifest.xml
permission#com.app.spicit.permission.MAPS_RECEIVE
ADDED from src/main/AndroidManifest.xml:10:5-12:46
	android:protectionLevel
		ADDED from src/main/AndroidManifest.xml:12:9-44
	android:name
		ADDED from src/main/AndroidManifest.xml:11:9-62
uses-permission#com.example.mapdemo.permission.MAPS_RECEIVE
ADDED from src/main/AndroidManifest.xml:13:5-82
	android:name
		ADDED from src/main/AndroidManifest.xml:13:22-80
uses-permission#android.permission.ACCESS_WIFI_STATE
ADDED from src/main/AndroidManifest.xml:14:5-76
	android:name
		ADDED from src/main/AndroidManifest.xml:14:22-73
uses-permission#android.permission.CHANGE_WIFI_STATE
ADDED from src/main/AndroidManifest.xml:15:5-76
	android:name
		ADDED from src/main/AndroidManifest.xml:15:22-73
uses-permission#android.permission.CHANGE_NETWORK_STATE
ADDED from src/main/AndroidManifest.xml:16:5-79
	android:name
		ADDED from src/main/AndroidManifest.xml:16:22-76
uses-permission#android.permission.INTERNET
ADDED from src/main/AndroidManifest.xml:17:5-67
MERGED from [com.google.android.gms:play-services-maps:8.1.0] AndroidManifest.xml:21:5-66
	android:name
		ADDED from src/main/AndroidManifest.xml:17:22-64
uses-permission#android.permission.ACCESS_NETWORK_STATE
ADDED from src/main/AndroidManifest.xml:18:5-79
MERGED from [com.google.android.gms:play-services-maps:8.1.0] AndroidManifest.xml:20:5-78
	android:name
		ADDED from src/main/AndroidManifest.xml:18:22-76
uses-permission#android.permission.READ_PHONE_STATE
ADDED from src/main/AndroidManifest.xml:19:5-75
	android:name
		ADDED from src/main/AndroidManifest.xml:19:22-72
uses-permission#android.permission.WRITE_EXTERNAL_STORAGE
ADDED from src/main/AndroidManifest.xml:20:5-81
MERGED from [com.google.android.gms:play-services-maps:8.1.0] AndroidManifest.xml:22:5-80
	android:name
		ADDED from src/main/AndroidManifest.xml:20:22-78
uses-feature#0x00020000
ADDED from src/main/AndroidManifest.xml:21:5-78
MERGED from [com.google.android.gms:play-services-maps:8.1.0] AndroidManifest.xml:23:5-25:33
	android:required
		ADDED from src/main/AndroidManifest.xml:21:52-75
	android:glEsVersion
		ADDED from src/main/AndroidManifest.xml:21:19-51
application
ADDED from src/main/AndroidManifest.xml:23:5-71:19
MERGED from [com.google.android.gms:play-services-maps:8.1.0] AndroidManifest.xml:28:5-20
MERGED from [com.google.android.gms:play-services-basement:8.1.0] AndroidManifest.xml:20:5-24:19
MERGED from [com.android.support:support-v4:22.2.0] AndroidManifest.xml:22:5-20
MERGED from [com.google.maps.android:android-maps-utils:0.4] AndroidManifest.xml:7:5-11:19
	android:label
		ADDED from src/main/AndroidManifest.xml:26:9-41
	android:allowBackup
		ADDED from src/main/AndroidManifest.xml:24:9-35
	android:icon
		ADDED from src/main/AndroidManifest.xml:25:9-45
	android:theme
		ADDED from src/main/AndroidManifest.xml:27:9-40
activity#com.app.spicit.MainActivity
ADDED from src/main/AndroidManifest.xml:28:9-37:20
	android:label
		ADDED from src/main/AndroidManifest.xml:30:13-45
	android:configChanges
		ADDED from src/main/AndroidManifest.xml:31:13-59
	android:name
		ADDED from src/main/AndroidManifest.xml:29:13-55
intent-filter#android.intent.action.MAIN+android.intent.category.LAUNCHER
ADDED from src/main/AndroidManifest.xml:32:13-36:29
action#android.intent.action.MAIN
ADDED from src/main/AndroidManifest.xml:33:17-69
	android:name
		ADDED from src/main/AndroidManifest.xml:33:25-66
category#android.intent.category.LAUNCHER
ADDED from src/main/AndroidManifest.xml:35:17-77
	android:name
		ADDED from src/main/AndroidManifest.xml:35:27-74
activity#com.app.spicit.ResultsView
ADDED from src/main/AndroidManifest.xml:38:10-42:20
	android:label
		ADDED from src/main/AndroidManifest.xml:40:13-45
	android:configChanges
		ADDED from src/main/AndroidManifest.xml:41:13-59
	android:name
		ADDED from src/main/AndroidManifest.xml:39:13-54
activity#com.app.spicit.MapFragmentActivity
ADDED from src/main/AndroidManifest.xml:43:9-46:20
	android:label
		ADDED from src/main/AndroidManifest.xml:45:13-45
	android:name
		ADDED from src/main/AndroidManifest.xml:44:13-62
activity#com.app.spicit.StoryMapFragmentActivity
ADDED from src/main/AndroidManifest.xml:47:10-50:20
	android:label
		ADDED from src/main/AndroidManifest.xml:49:13-45
	android:name
		ADDED from src/main/AndroidManifest.xml:48:13-67
activity#com.app.spicit.SlideShowActivity
ADDED from src/main/AndroidManifest.xml:51:9-54:20
	android:label
		ADDED from src/main/AndroidManifest.xml:53:13-45
	android:name
		ADDED from src/main/AndroidManifest.xml:52:13-60
service#com.app.spicit.SyncIntentService
ADDED from src/main/AndroidManifest.xml:55:10-86
	android:enabled
		ADDED from src/main/AndroidManifest.xml:55:19-41
	android:name
		ADDED from src/main/AndroidManifest.xml:55:42-75
receiver#com.app.spicit.NetworkChangeReceiver
ADDED from src/main/AndroidManifest.xml:57:3-62:14
	android:label
		ADDED from src/main/AndroidManifest.xml:58:30-67
	android:enabled
		ADDED from src/main/AndroidManifest.xml:58:7-29
	android:name
		ADDED from src/main/AndroidManifest.xml:57:13-49
intent-filter#android.net.conn.CONNECTIVITY_CHANGE
ADDED from src/main/AndroidManifest.xml:59:7-61:23
action#android.net.conn.CONNECTIVITY_CHANGE
ADDED from src/main/AndroidManifest.xml:60:11-72
	android:name
		ADDED from src/main/AndroidManifest.xml:60:19-70
meta-data#com.google.android.gms.version
ADDED from src/main/AndroidManifest.xml:63:3-65:65
MERGED from [com.google.android.gms:play-services-basement:8.1.0] AndroidManifest.xml:21:9-23:69
MERGED from [com.google.maps.android:android-maps-utils:0.4] AndroidManifest.xml:8:9-10:69
	android:name
		ADDED from src/main/AndroidManifest.xml:64:9-54
	android:value
		ADDED from src/main/AndroidManifest.xml:65:9-62
meta-data#com.google.android.maps.v2.API_KEY
ADDED from src/main/AndroidManifest.xml:66:3-68:70
	android:name
		ADDED from src/main/AndroidManifest.xml:67:13-62
	android:value
		ADDED from src/main/AndroidManifest.xml:68:13-68
uses-library#com.google.android.maps
ADDED from src/main/AndroidManifest.xml:69:3-57
	android:name
		ADDED from src/main/AndroidManifest.xml:69:17-55
android:uses-permission#android.permission.READ_EXTERNAL_STORAGE
IMPLIED from src/main/AndroidManifest.xml:2:1-76:12 reason: com.google.android.gms.maps requested WRITE_EXTERNAL_STORAGE